#
# There is insufficient memory for the Java Runtime Environment to continue.
# Native memory allocation (malloc) failed to allocate 32744 bytes. Error detail: Chunk::new
# Possible reasons:
#   The system is out of physical RAM or swap space
#   This process is running with CompressedOops enabled, and the Java Heap may be blocking the growth of the native heap
# Possible solutions:
#   Reduce memory load on the system
#   Increase physical memory or swap space
#   Check if swap backing store is full
#   Decrease Java heap size (-Xmx/-Xms)
#   Decrease number of Java threads
#   Decrease Java thread stack sizes (-Xss)
#   Set larger code cache with -XX:ReservedCodeCacheSize=
#   JVM is running with Zero Based Compressed Oops mode in which the Java heap is
#     placed in the first 32GB address space. The Java Heap base address is the
#     maximum limit for the native heap growth. Please use -XX:HeapBaseMinAddress
#     to set the Java Heap base and to place the Java Heap above 32GB virtual address.
# This output file may be truncated or incomplete.
#
#  Out of Memory Error (arena.cpp:150), pid=38232, tid=34184
#
# JRE version: Java(TM) SE Runtime Environment (22.0.1+8) (build 22.0.1+8-16)
# Java VM: Java HotSpot(TM) 64-Bit Server VM (22.0.1+8-16, mixed mode, sharing, tiered, compressed oops, compressed class ptrs, g1 gc, windows-amd64)
# No core dump will be written. Minidumps are not enabled by default on client versions of Windows
#

---------------  S U M M A R Y ------------

Command Line: -Dfile.encoding=UTF-8 -Dstdout.encoding=UTF-8 -Dstderr.encoding=UTF-8 -XX:+ShowCodeDetailsInExceptionMessages Locators.elementLocators

Host: 12th Gen Intel(R) Core(TM) i7-12700H, 20 cores, 31G,  Windows 10 , 64 bit Build 19041 (10.0.19041.4957)
Time: Wed Oct  9 13:55:38 2024 Pacific Daylight Time elapsed time: 6.294025 seconds (0d 0h 0m 6s)

---------------  T H R E A D  ---------------

Current thread (0x00000173452eb050):  JavaThread "C1 CompilerThread2" daemon [_thread_in_native, id=34184, stack(0x00000015d9600000,0x00000015d9700000) (1024K)]


Current CompileTask:
C1:6294 1751       3       java.lang.invoke.InnerClassLambdaMetafactory::generateConstructor (154 bytes)

Stack: [0x00000015d9600000,0x00000015d9700000]
Native frames: (J=compiled Java code, j=interpreted, Vv=VM code, C=native code)
V  [jvm.dll+0x6e2279]  (no source info available)
V  [jvm.dll+0x874e33]  (no source info available)
V  [jvm.dll+0x87725e]  (no source info available)
V  [jvm.dll+0x877933]  (no source info available)
V  [jvm.dll+0x27fd76]  (no source info available)
V  [jvm.dll+0xc3d0f]  (no source info available)
V  [jvm.dll+0xc3f6b]  (no source info available)
V  [jvm.dll+0x1a1ed4]  (no source info available)
V  [jvm.dll+0x1a1067]  (no source info available)
V  [jvm.dll+0x1a140e]  (no source info available)
V  [jvm.dll+0x1a140e]  (no source info available)
V  [jvm.dll+0x1a140e]  (no source info available)
V  [jvm.dll+0x1a140e]  (no source info available)
V  [jvm.dll+0x1a140e]  (no source info available)
V  [jvm.dll+0x1a140e]  (no source info available)
V  [jvm.dll+0x1a140e]  (no source info available)
V  [jvm.dll+0x1a140e]  (no source info available)
V  [jvm.dll+0x1a140e]  (no source info available)
V  [jvm.dll+0x1a0bf7]  (no source info available)
V  [jvm.dll+0x1a1e08]  (no source info available)
V  [jvm.dll+0x1532cd]  (no source info available)
V  [jvm.dll+0x153507]  (no source info available)
V  [jvm.dll+0x1538a0]  (no source info available)
V  [jvm.dll+0x152c1d]  (no source info available)
V  [jvm.dll+0x154add]  (no source info available)
V  [jvm.dll+0x2569fe]  (no source info available)
V  [jvm.dll+0x254cba]  (no source info available)
V  [jvm.dll+0x3f5336]  (no source info available)
V  [jvm.dll+0x81d44b]  (no source info available)
V  [jvm.dll+0x6e0915]  (no source info available)
C  [ucrtbase.dll+0x21bb2]  (no source info available)
C  [KERNEL32.DLL+0x17374]  (no source info available)
C  [ntdll.dll+0x4cc91]  (no source info available)


---------------  P R O C E S S  ---------------

Threads class SMR info:
_java_thread_list=0x000001734522f710, length=19, elements={
0x0000017345117ec0, 0x000001734511afa0, 0x000001734511ecd0, 0x000001734511fb50,
0x0000017345128bb0, 0x000001734515b6f0, 0x000001734515c630, 0x0000017345171c80,
0x0000017345270e10, 0x00000173452eb050, 0x00000173452fd580, 0x0000017345300810,
0x00000173455190b0, 0x0000017345747000, 0x0000017345944b90, 0x0000017345945200,
0x00000173463ce8d0, 0x0000017346111630, 0x0000017346109250
}

Java Threads: ( => current thread )
  0x0000017345117ec0 JavaThread "Reference Handler"          daemon [_thread_blocked, id=37564, stack(0x00000015d8d00000,0x00000015d8e00000) (1024K)]
  0x000001734511afa0 JavaThread "Finalizer"                  daemon [_thread_blocked, id=34344, stack(0x00000015d8e00000,0x00000015d8f00000) (1024K)]
  0x000001734511ecd0 JavaThread "Signal Dispatcher"          daemon [_thread_blocked, id=15144, stack(0x00000015d8f00000,0x00000015d9000000) (1024K)]
  0x000001734511fb50 JavaThread "Attach Listener"            daemon [_thread_blocked, id=368, stack(0x00000015d9000000,0x00000015d9100000) (1024K)]
  0x0000017345128bb0 JavaThread "Service Thread"             daemon [_thread_blocked, id=19872, stack(0x00000015d9100000,0x00000015d9200000) (1024K)]
  0x000001734515b6f0 JavaThread "Monitor Deflation Thread"   daemon [_thread_blocked, id=30568, stack(0x00000015d9200000,0x00000015d9300000) (1024K)]
  0x000001734515c630 JavaThread "C2 CompilerThread0"         daemon [_thread_blocked, id=37340, stack(0x00000015d9300000,0x00000015d9400000) (1024K)]
  0x0000017345171c80 JavaThread "C1 CompilerThread0"         daemon [_thread_blocked, id=34360, stack(0x00000015d9400000,0x00000015d9500000) (1024K)]
  0x0000017345270e10 JavaThread "C1 CompilerThread1"         daemon [_thread_blocked, id=5084, stack(0x00000015d9500000,0x00000015d9600000) (1024K)]
=>0x00000173452eb050 JavaThread "C1 CompilerThread2"         daemon [_thread_in_native, id=34184, stack(0x00000015d9600000,0x00000015d9700000) (1024K)]
  0x00000173452fd580 JavaThread "Notification Thread"        daemon [_thread_blocked, id=37248, stack(0x00000015d9700000,0x00000015d9800000) (1024K)]
  0x0000017345300810 JavaThread "Common-Cleaner"             daemon [_thread_blocked, id=37700, stack(0x00000015d9800000,0x00000015d9900000) (1024K)]
  0x00000173455190b0 JavaThread "C1 CompilerThread3"         daemon [_thread_blocked, id=32908, stack(0x00000015d9900000,0x00000015d9a00000) (1024K)]
  0x0000017345747000 JavaThread "Exec Default Executor"      daemon [_thread_in_native, id=11036, stack(0x00000015d9b00000,0x00000015d9c00000) (1024K)]
  0x0000017345944b90 JavaThread "Exec Stream Pumper"         daemon [_thread_in_native, id=30244, stack(0x00000015d9d00000,0x00000015d9e00000) (1024K)]
  0x0000017345945200 JavaThread "Exec Stream Pumper"         daemon [_thread_in_native, id=38312, stack(0x00000015d9e00000,0x00000015d9f00000) (1024K)]
  0x00000173463ce8d0 JavaThread "OkHttp ConnectionPool"      daemon [_thread_blocked, id=19112, stack(0x00000015dac00000,0x00000015dad00000) (1024K)]
  0x0000017346111630 JavaThread "Okio Watchdog"              daemon [_thread_blocked, id=19144, stack(0x00000015dad00000,0x00000015dae00000) (1024K)]
  0x0000017346109250 JavaThread "DestroyJavaVM"                     [_thread_blocked, id=34804, stack(0x00000015d8500000,0x00000015d8600000) (1024K)]
Total: 19

Other Threads:
  0x000001737b48c580 VMThread "VM Thread"                           [id=31996, stack(0x00000015d8c00000,0x00000015d8d00000) (1024K)]
  0x000001737b472a00 WatcherThread "VM Periodic Task Thread"        [id=25904, stack(0x00000015d8b00000,0x00000015d8c00000) (1024K)]
  0x00000173571465e0 WorkerThread "GC Thread#0"                     [id=38128, stack(0x00000015d8600000,0x00000015d8700000) (1024K)]
  0x000001734607a6f0 WorkerThread "GC Thread#1"                     [id=15512, stack(0x00000015da000000,0x00000015da100000) (1024K)]
  0x0000017345c32f90 WorkerThread "GC Thread#2"                     [id=15508, stack(0x00000015da100000,0x00000015da200000) (1024K)]
  0x0000017345c33340 WorkerThread "GC Thread#3"                     [id=15596, stack(0x00000015da200000,0x00000015da300000) (1024K)]
  0x0000017345c336f0 WorkerThread "GC Thread#4"                     [id=17688, stack(0x00000015da300000,0x00000015da400000) (1024K)]
  0x0000017345c33aa0 WorkerThread "GC Thread#5"                     [id=17684, stack(0x00000015da400000,0x00000015da500000) (1024K)]
  0x0000017345c33e50 WorkerThread "GC Thread#6"                     [id=17832, stack(0x00000015da500000,0x00000015da600000) (1024K)]
  0x0000017346054090 WorkerThread "GC Thread#7"                     [id=13348, stack(0x00000015da600000,0x00000015da700000) (1024K)]
  0x0000017346054850 WorkerThread "GC Thread#8"                     [id=14932, stack(0x00000015da700000,0x00000015da800000) (1024K)]
  0x0000017346054c00 WorkerThread "GC Thread#9"                     [id=15636, stack(0x00000015da800000,0x00000015da900000) (1024K)]
  0x0000017346056fc0 WorkerThread "GC Thread#10"                    [id=10212, stack(0x00000015da900000,0x00000015daa00000) (1024K)]
  0x0000017346057780 WorkerThread "GC Thread#11"                    [id=15240, stack(0x00000015daa00000,0x00000015dab00000) (1024K)]
  0x0000017357159410 ConcurrentGCThread "G1 Main Marker"            [id=12112, stack(0x00000015d8700000,0x00000015d8800000) (1024K)]
  0x0000017357159e30 WorkerThread "G1 Conc#0"                       [id=11812, stack(0x00000015d8800000,0x00000015d8900000) (1024K)]
  0x000001737b344270 ConcurrentGCThread "G1 Refine#0"               [id=32796, stack(0x00000015d8900000,0x00000015d8a00000) (1024K)]
  0x000001737b346110 ConcurrentGCThread "G1 Service"                [id=34884, stack(0x00000015d8a00000,0x00000015d8b00000) (1024K)]
Total: 18

Threads with active compile tasks:
C1 CompilerThread2  6336 1751       3       java.lang.invoke.InnerClassLambdaMetafactory::generateConstructor (154 bytes)
Total: 1

VM state: not at safepoint (normal execution)

VM Mutex/Monitor currently owned by a thread: None

Heap address: 0x0000000604800000, size: 8120 MB, Compressed Oops mode: Zero based, Oop shift amount: 3

CDS archive(s) mapped at: [0x0000017300000000-0x0000017300c60000-0x0000017300c60000), size 12976128, SharedBaseAddress: 0x0000017300000000, ArchiveRelocationMode: 1.
Compressed class space mapped at: 0x0000017301000000-0x0000017341000000, reserved size: 1073741824
Narrow klass base: 0x0000017300000000, Narrow klass shift: 0, Narrow klass range: 0x41000000

GC Precious Log:
 CardTable entry size: 512
 Card Set container configuration: InlinePtr #cards 4 size 8 Array Of Cards #cards 32 size 80 Howl #buckets 8 coarsen threshold 7372 Howl Bitmap #cards 1024 size 144 coarsen threshold 921 Card regions per heap region 1 cards per card region 8192
 CPUs: 20 total, 20 available
 Memory: 32468M
 Large Page Support: Disabled
 NUMA Support: Disabled
 Compressed Oops: Enabled (Zero based)
 Heap Region Size: 4M
 Heap Min Capacity: 8M
 Heap Initial Capacity: 508M
 Heap Max Capacity: 8120M
 Pre-touch: Disabled
 Parallel Workers: 15
 Concurrent Workers: 4
 Concurrent Refinement Workers: 15
 Periodic GC: Disabled

Heap:
 garbage-first heap   total reserved 8314880K, committed 520192K, used 12729K [0x0000000604800000, 0x0000000800000000)
  region size 4096K, 4 young (16384K), 1 survivors (4096K)
 Metaspace       used 9989K, committed 10240K, reserved 1114112K
  class space    used 1207K, committed 1344K, reserved 1048576K

Heap Regions: E=young(eden), S=young(survivor), O=old, HS=humongous(starts), HC=humongous(continues), CS=collection set, F=free, TAMS=top-at-mark-start, PB=parsable bottom
|   0|0x0000000604800000, 0x000000060486e4a8, 0x0000000604c00000| 10%| O|  |TAMS 0x0000000604800000| PB 0x0000000604800000| Untracked |  0
|   1|0x0000000604c00000, 0x0000000604c00000, 0x0000000605000000|  0%| F|  |TAMS 0x0000000604c00000| PB 0x0000000604c00000| Untracked |  0
|   2|0x0000000605000000, 0x0000000605000000, 0x0000000605400000|  0%| F|  |TAMS 0x0000000605000000| PB 0x0000000605000000| Untracked |  0
|   3|0x0000000605400000, 0x0000000605400000, 0x0000000605800000|  0%| F|  |TAMS 0x0000000605400000| PB 0x0000000605400000| Untracked |  0
|   4|0x0000000605800000, 0x0000000605800000, 0x0000000605c00000|  0%| F|  |TAMS 0x0000000605800000| PB 0x0000000605800000| Untracked |  0
|   5|0x0000000605c00000, 0x0000000605c00000, 0x0000000606000000|  0%| F|  |TAMS 0x0000000605c00000| PB 0x0000000605c00000| Untracked |  0
|   6|0x0000000606000000, 0x0000000606000000, 0x0000000606400000|  0%| F|  |TAMS 0x0000000606000000| PB 0x0000000606000000| Untracked |  0
|   7|0x0000000606400000, 0x0000000606400000, 0x0000000606800000|  0%| F|  |TAMS 0x0000000606400000| PB 0x0000000606400000| Untracked |  0
|   8|0x0000000606800000, 0x0000000606800000, 0x0000000606c00000|  0%| F|  |TAMS 0x0000000606800000| PB 0x0000000606800000| Untracked |  0
|   9|0x0000000606c00000, 0x0000000606c00000, 0x0000000607000000|  0%| F|  |TAMS 0x0000000606c00000| PB 0x0000000606c00000| Untracked |  0
|  10|0x0000000607000000, 0x0000000607000000, 0x0000000607400000|  0%| F|  |TAMS 0x0000000607000000| PB 0x0000000607000000| Untracked |  0
|  11|0x0000000607400000, 0x0000000607400000, 0x0000000607800000|  0%| F|  |TAMS 0x0000000607400000| PB 0x0000000607400000| Untracked |  0
|  12|0x0000000607800000, 0x0000000607800000, 0x0000000607c00000|  0%| F|  |TAMS 0x0000000607800000| PB 0x0000000607800000| Untracked |  0
|  13|0x0000000607c00000, 0x0000000607c00000, 0x0000000608000000|  0%| F|  |TAMS 0x0000000607c00000| PB 0x0000000607c00000| Untracked |  0
|  14|0x0000000608000000, 0x0000000608000000, 0x0000000608400000|  0%| F|  |TAMS 0x0000000608000000| PB 0x0000000608000000| Untracked |  0
|  15|0x0000000608400000, 0x0000000608400000, 0x0000000608800000|  0%| F|  |TAMS 0x0000000608400000| PB 0x0000000608400000| Untracked |  0
|  16|0x0000000608800000, 0x0000000608800000, 0x0000000608c00000|  0%| F|  |TAMS 0x0000000608800000| PB 0x0000000608800000| Untracked |  0
|  17|0x0000000608c00000, 0x0000000608c00000, 0x0000000609000000|  0%| F|  |TAMS 0x0000000608c00000| PB 0x0000000608c00000| Untracked |  0
|  18|0x0000000609000000, 0x0000000609000000, 0x0000000609400000|  0%| F|  |TAMS 0x0000000609000000| PB 0x0000000609000000| Untracked |  0
|  19|0x0000000609400000, 0x0000000609400000, 0x0000000609800000|  0%| F|  |TAMS 0x0000000609400000| PB 0x0000000609400000| Untracked |  0
|  20|0x0000000609800000, 0x0000000609800000, 0x0000000609c00000|  0%| F|  |TAMS 0x0000000609800000| PB 0x0000000609800000| Untracked |  0
|  21|0x0000000609c00000, 0x0000000609c00000, 0x000000060a000000|  0%| F|  |TAMS 0x0000000609c00000| PB 0x0000000609c00000| Untracked |  0
|  22|0x000000060a000000, 0x000000060a000000, 0x000000060a400000|  0%| F|  |TAMS 0x000000060a000000| PB 0x000000060a000000| Untracked |  0
|  23|0x000000060a400000, 0x000000060a400000, 0x000000060a800000|  0%| F|  |TAMS 0x000000060a400000| PB 0x000000060a400000| Untracked |  0
|  24|0x000000060a800000, 0x000000060a800000, 0x000000060ac00000|  0%| F|  |TAMS 0x000000060a800000| PB 0x000000060a800000| Untracked |  0
|  25|0x000000060ac00000, 0x000000060ac00000, 0x000000060b000000|  0%| F|  |TAMS 0x000000060ac00000| PB 0x000000060ac00000| Untracked |  0
|  26|0x000000060b000000, 0x000000060b000000, 0x000000060b400000|  0%| F|  |TAMS 0x000000060b000000| PB 0x000000060b000000| Untracked |  0
|  27|0x000000060b400000, 0x000000060b400000, 0x000000060b800000|  0%| F|  |TAMS 0x000000060b400000| PB 0x000000060b400000| Untracked |  0
|  28|0x000000060b800000, 0x000000060b800000, 0x000000060bc00000|  0%| F|  |TAMS 0x000000060b800000| PB 0x000000060b800000| Untracked |  0
|  29|0x000000060bc00000, 0x000000060bc00000, 0x000000060c000000|  0%| F|  |TAMS 0x000000060bc00000| PB 0x000000060bc00000| Untracked |  0
|  30|0x000000060c000000, 0x000000060c000000, 0x000000060c400000|  0%| F|  |TAMS 0x000000060c000000| PB 0x000000060c000000| Untracked |  0
|  31|0x000000060c400000, 0x000000060c400000, 0x000000060c800000|  0%| F|  |TAMS 0x000000060c400000| PB 0x000000060c400000| Untracked |  0
|  32|0x000000060c800000, 0x000000060c800000, 0x000000060cc00000|  0%| F|  |TAMS 0x000000060c800000| PB 0x000000060c800000| Untracked |  0
|  33|0x000000060cc00000, 0x000000060cc00000, 0x000000060d000000|  0%| F|  |TAMS 0x000000060cc00000| PB 0x000000060cc00000| Untracked |  0
|  34|0x000000060d000000, 0x000000060d000000, 0x000000060d400000|  0%| F|  |TAMS 0x000000060d000000| PB 0x000000060d000000| Untracked |  0
|  35|0x000000060d400000, 0x000000060d400000, 0x000000060d800000|  0%| F|  |TAMS 0x000000060d400000| PB 0x000000060d400000| Untracked |  0
|  36|0x000000060d800000, 0x000000060d800000, 0x000000060dc00000|  0%| F|  |TAMS 0x000000060d800000| PB 0x000000060d800000| Untracked |  0
|  37|0x000000060dc00000, 0x000000060dc00000, 0x000000060e000000|  0%| F|  |TAMS 0x000000060dc00000| PB 0x000000060dc00000| Untracked |  0
|  38|0x000000060e000000, 0x000000060e000000, 0x000000060e400000|  0%| F|  |TAMS 0x000000060e000000| PB 0x000000060e000000| Untracked |  0
|  39|0x000000060e400000, 0x000000060e400000, 0x000000060e800000|  0%| F|  |TAMS 0x000000060e400000| PB 0x000000060e400000| Untracked |  0
|  40|0x000000060e800000, 0x000000060e800000, 0x000000060ec00000|  0%| F|  |TAMS 0x000000060e800000| PB 0x000000060e800000| Untracked |  0
|  41|0x000000060ec00000, 0x000000060ec00000, 0x000000060f000000|  0%| F|  |TAMS 0x000000060ec00000| PB 0x000000060ec00000| Untracked |  0
|  42|0x000000060f000000, 0x000000060f000000, 0x000000060f400000|  0%| F|  |TAMS 0x000000060f000000| PB 0x000000060f000000| Untracked |  0
|  43|0x000000060f400000, 0x000000060f400000, 0x000000060f800000|  0%| F|  |TAMS 0x000000060f400000| PB 0x000000060f400000| Untracked |  0
|  44|0x000000060f800000, 0x000000060f800000, 0x000000060fc00000|  0%| F|  |TAMS 0x000000060f800000| PB 0x000000060f800000| Untracked |  0
|  45|0x000000060fc00000, 0x000000060fc00000, 0x0000000610000000|  0%| F|  |TAMS 0x000000060fc00000| PB 0x000000060fc00000| Untracked |  0
|  46|0x0000000610000000, 0x0000000610000000, 0x0000000610400000|  0%| F|  |TAMS 0x0000000610000000| PB 0x0000000610000000| Untracked |  0
|  47|0x0000000610400000, 0x0000000610400000, 0x0000000610800000|  0%| F|  |TAMS 0x0000000610400000| PB 0x0000000610400000| Untracked |  0
|  48|0x0000000610800000, 0x0000000610800000, 0x0000000610c00000|  0%| F|  |TAMS 0x0000000610800000| PB 0x0000000610800000| Untracked |  0
|  49|0x0000000610c00000, 0x0000000610c00000, 0x0000000611000000|  0%| F|  |TAMS 0x0000000610c00000| PB 0x0000000610c00000| Untracked |  0
|  50|0x0000000611000000, 0x0000000611000000, 0x0000000611400000|  0%| F|  |TAMS 0x0000000611000000| PB 0x0000000611000000| Untracked |  0
|  51|0x0000000611400000, 0x0000000611400000, 0x0000000611800000|  0%| F|  |TAMS 0x0000000611400000| PB 0x0000000611400000| Untracked |  0
|  52|0x0000000611800000, 0x0000000611800000, 0x0000000611c00000|  0%| F|  |TAMS 0x0000000611800000| PB 0x0000000611800000| Untracked |  0
|  53|0x0000000611c00000, 0x0000000611c00000, 0x0000000612000000|  0%| F|  |TAMS 0x0000000611c00000| PB 0x0000000611c00000| Untracked |  0
|  54|0x0000000612000000, 0x0000000612000000, 0x0000000612400000|  0%| F|  |TAMS 0x0000000612000000| PB 0x0000000612000000| Untracked |  0
|  55|0x0000000612400000, 0x0000000612400000, 0x0000000612800000|  0%| F|  |TAMS 0x0000000612400000| PB 0x0000000612400000| Untracked |  0
|  56|0x0000000612800000, 0x0000000612800000, 0x0000000612c00000|  0%| F|  |TAMS 0x0000000612800000| PB 0x0000000612800000| Untracked |  0
|  57|0x0000000612c00000, 0x0000000612c00000, 0x0000000613000000|  0%| F|  |TAMS 0x0000000612c00000| PB 0x0000000612c00000| Untracked |  0
|  58|0x0000000613000000, 0x0000000613000000, 0x0000000613400000|  0%| F|  |TAMS 0x0000000613000000| PB 0x0000000613000000| Untracked |  0
|  59|0x0000000613400000, 0x0000000613400000, 0x0000000613800000|  0%| F|  |TAMS 0x0000000613400000| PB 0x0000000613400000| Untracked |  0
|  60|0x0000000613800000, 0x0000000613800000, 0x0000000613c00000|  0%| F|  |TAMS 0x0000000613800000| PB 0x0000000613800000| Untracked |  0
|  61|0x0000000613c00000, 0x0000000613c00000, 0x0000000614000000|  0%| F|  |TAMS 0x0000000613c00000| PB 0x0000000613c00000| Untracked |  0
|  62|0x0000000614000000, 0x0000000614000000, 0x0000000614400000|  0%| F|  |TAMS 0x0000000614000000| PB 0x0000000614000000| Untracked |  0
|  63|0x0000000614400000, 0x0000000614400000, 0x0000000614800000|  0%| F|  |TAMS 0x0000000614400000| PB 0x0000000614400000| Untracked |  0
|  64|0x0000000614800000, 0x0000000614800000, 0x0000000614c00000|  0%| F|  |TAMS 0x0000000614800000| PB 0x0000000614800000| Untracked |  0
|  65|0x0000000614c00000, 0x0000000614c00000, 0x0000000615000000|  0%| F|  |TAMS 0x0000000614c00000| PB 0x0000000614c00000| Untracked |  0
|  66|0x0000000615000000, 0x0000000615000000, 0x0000000615400000|  0%| F|  |TAMS 0x0000000615000000| PB 0x0000000615000000| Untracked |  0
|  67|0x0000000615400000, 0x0000000615400000, 0x0000000615800000|  0%| F|  |TAMS 0x0000000615400000| PB 0x0000000615400000| Untracked |  0
|  68|0x0000000615800000, 0x0000000615800000, 0x0000000615c00000|  0%| F|  |TAMS 0x0000000615800000| PB 0x0000000615800000| Untracked |  0
|  69|0x0000000615c00000, 0x0000000615c00000, 0x0000000616000000|  0%| F|  |TAMS 0x0000000615c00000| PB 0x0000000615c00000| Untracked |  0
|  70|0x0000000616000000, 0x0000000616000000, 0x0000000616400000|  0%| F|  |TAMS 0x0000000616000000| PB 0x0000000616000000| Untracked |  0
|  71|0x0000000616400000, 0x0000000616400000, 0x0000000616800000|  0%| F|  |TAMS 0x0000000616400000| PB 0x0000000616400000| Untracked |  0
|  72|0x0000000616800000, 0x0000000616800000, 0x0000000616c00000|  0%| F|  |TAMS 0x0000000616800000| PB 0x0000000616800000| Untracked |  0
|  73|0x0000000616c00000, 0x0000000616c00000, 0x0000000617000000|  0%| F|  |TAMS 0x0000000616c00000| PB 0x0000000616c00000| Untracked |  0
|  74|0x0000000617000000, 0x0000000617000000, 0x0000000617400000|  0%| F|  |TAMS 0x0000000617000000| PB 0x0000000617000000| Untracked |  0
|  75|0x0000000617400000, 0x0000000617400000, 0x0000000617800000|  0%| F|  |TAMS 0x0000000617400000| PB 0x0000000617400000| Untracked |  0
|  76|0x0000000617800000, 0x0000000617800000, 0x0000000617c00000|  0%| F|  |TAMS 0x0000000617800000| PB 0x0000000617800000| Untracked |  0
|  77|0x0000000617c00000, 0x0000000617c00000, 0x0000000618000000|  0%| F|  |TAMS 0x0000000617c00000| PB 0x0000000617c00000| Untracked |  0
|  78|0x0000000618000000, 0x0000000618000000, 0x0000000618400000|  0%| F|  |TAMS 0x0000000618000000| PB 0x0000000618000000| Untracked |  0
|  79|0x0000000618400000, 0x0000000618400000, 0x0000000618800000|  0%| F|  |TAMS 0x0000000618400000| PB 0x0000000618400000| Untracked |  0
|  80|0x0000000618800000, 0x0000000618800000, 0x0000000618c00000|  0%| F|  |TAMS 0x0000000618800000| PB 0x0000000618800000| Untracked |  0
|  81|0x0000000618c00000, 0x0000000618c00000, 0x0000000619000000|  0%| F|  |TAMS 0x0000000618c00000| PB 0x0000000618c00000| Untracked |  0
|  82|0x0000000619000000, 0x0000000619000000, 0x0000000619400000|  0%| F|  |TAMS 0x0000000619000000| PB 0x0000000619000000| Untracked |  0
|  83|0x0000000619400000, 0x0000000619400000, 0x0000000619800000|  0%| F|  |TAMS 0x0000000619400000| PB 0x0000000619400000| Untracked |  0
|  84|0x0000000619800000, 0x0000000619800000, 0x0000000619c00000|  0%| F|  |TAMS 0x0000000619800000| PB 0x0000000619800000| Untracked |  0
|  85|0x0000000619c00000, 0x0000000619c00000, 0x000000061a000000|  0%| F|  |TAMS 0x0000000619c00000| PB 0x0000000619c00000| Untracked |  0
|  86|0x000000061a000000, 0x000000061a000000, 0x000000061a400000|  0%| F|  |TAMS 0x000000061a000000| PB 0x000000061a000000| Untracked |  0
|  87|0x000000061a400000, 0x000000061a400000, 0x000000061a800000|  0%| F|  |TAMS 0x000000061a400000| PB 0x000000061a400000| Untracked |  0
|  88|0x000000061a800000, 0x000000061a800000, 0x000000061ac00000|  0%| F|  |TAMS 0x000000061a800000| PB 0x000000061a800000| Untracked |  0
|  89|0x000000061ac00000, 0x000000061ac00000, 0x000000061b000000|  0%| F|  |TAMS 0x000000061ac00000| PB 0x000000061ac00000| Untracked |  0
|  90|0x000000061b000000, 0x000000061b000000, 0x000000061b400000|  0%| F|  |TAMS 0x000000061b000000| PB 0x000000061b000000| Untracked |  0
|  91|0x000000061b400000, 0x000000061b400000, 0x000000061b800000|  0%| F|  |TAMS 0x000000061b400000| PB 0x000000061b400000| Untracked |  0
|  92|0x000000061b800000, 0x000000061b800000, 0x000000061bc00000|  0%| F|  |TAMS 0x000000061b800000| PB 0x000000061b800000| Untracked |  0
|  93|0x000000061bc00000, 0x000000061bc00000, 0x000000061c000000|  0%| F|  |TAMS 0x000000061bc00000| PB 0x000000061bc00000| Untracked |  0
|  94|0x000000061c000000, 0x000000061c000000, 0x000000061c400000|  0%| F|  |TAMS 0x000000061c000000| PB 0x000000061c000000| Untracked |  0
|  95|0x000000061c400000, 0x000000061c400000, 0x000000061c800000|  0%| F|  |TAMS 0x000000061c400000| PB 0x000000061c400000| Untracked |  0
|  96|0x000000061c800000, 0x000000061c800000, 0x000000061cc00000|  0%| F|  |TAMS 0x000000061c800000| PB 0x000000061c800000| Untracked |  0
|  97|0x000000061cc00000, 0x000000061cc00000, 0x000000061d000000|  0%| F|  |TAMS 0x000000061cc00000| PB 0x000000061cc00000| Untracked |  0
|  98|0x000000061d000000, 0x000000061d000000, 0x000000061d400000|  0%| F|  |TAMS 0x000000061d000000| PB 0x000000061d000000| Untracked |  0
|  99|0x000000061d400000, 0x000000061d400000, 0x000000061d800000|  0%| F|  |TAMS 0x000000061d400000| PB 0x000000061d400000| Untracked |  0
| 100|0x000000061d800000, 0x000000061d800000, 0x000000061dc00000|  0%| F|  |TAMS 0x000000061d800000| PB 0x000000061d800000| Untracked |  0
| 101|0x000000061dc00000, 0x000000061dc00000, 0x000000061e000000|  0%| F|  |TAMS 0x000000061dc00000| PB 0x000000061dc00000| Untracked |  0
| 102|0x000000061e000000, 0x000000061e000000, 0x000000061e400000|  0%| F|  |TAMS 0x000000061e000000| PB 0x000000061e000000| Untracked |  0
| 103|0x000000061e400000, 0x000000061e400000, 0x000000061e800000|  0%| F|  |TAMS 0x000000061e400000| PB 0x000000061e400000| Untracked |  0
| 104|0x000000061e800000, 0x000000061e800000, 0x000000061ec00000|  0%| F|  |TAMS 0x000000061e800000| PB 0x000000061e800000| Untracked |  0
| 105|0x000000061ec00000, 0x000000061ec00000, 0x000000061f000000|  0%| F|  |TAMS 0x000000061ec00000| PB 0x000000061ec00000| Untracked |  0
| 106|0x000000061f000000, 0x000000061f000000, 0x000000061f400000|  0%| F|  |TAMS 0x000000061f000000| PB 0x000000061f000000| Untracked |  0
| 107|0x000000061f400000, 0x000000061f400000, 0x000000061f800000|  0%| F|  |TAMS 0x000000061f400000| PB 0x000000061f400000| Untracked |  0
| 108|0x000000061f800000, 0x000000061f800000, 0x000000061fc00000|  0%| F|  |TAMS 0x000000061f800000| PB 0x000000061f800000| Untracked |  0
| 109|0x000000061fc00000, 0x000000061fc00000, 0x0000000620000000|  0%| F|  |TAMS 0x000000061fc00000| PB 0x000000061fc00000| Untracked |  0
| 110|0x0000000620000000, 0x0000000620000000, 0x0000000620400000|  0%| F|  |TAMS 0x0000000620000000| PB 0x0000000620000000| Untracked |  0
| 111|0x0000000620400000, 0x0000000620400000, 0x0000000620800000|  0%| F|  |TAMS 0x0000000620400000| PB 0x0000000620400000| Untracked |  0
| 112|0x0000000620800000, 0x0000000620800000, 0x0000000620c00000|  0%| F|  |TAMS 0x0000000620800000| PB 0x0000000620800000| Untracked |  0
| 113|0x0000000620c00000, 0x0000000620c00000, 0x0000000621000000|  0%| F|  |TAMS 0x0000000620c00000| PB 0x0000000620c00000| Untracked |  0
| 114|0x0000000621000000, 0x0000000621000000, 0x0000000621400000|  0%| F|  |TAMS 0x0000000621000000| PB 0x0000000621000000| Untracked |  0
| 115|0x0000000621400000, 0x0000000621400000, 0x0000000621800000|  0%| F|  |TAMS 0x0000000621400000| PB 0x0000000621400000| Untracked |  0
| 116|0x0000000621800000, 0x0000000621800000, 0x0000000621c00000|  0%| F|  |TAMS 0x0000000621800000| PB 0x0000000621800000| Untracked |  0
| 117|0x0000000621c00000, 0x0000000621c00000, 0x0000000622000000|  0%| F|  |TAMS 0x0000000621c00000| PB 0x0000000621c00000| Untracked |  0
| 118|0x0000000622000000, 0x0000000622000000, 0x0000000622400000|  0%| F|  |TAMS 0x0000000622000000| PB 0x0000000622000000| Untracked |  0
| 119|0x0000000622400000, 0x0000000622400000, 0x0000000622800000|  0%| F|  |TAMS 0x0000000622400000| PB 0x0000000622400000| Untracked |  0
| 120|0x0000000622800000, 0x0000000622c00000, 0x0000000622c00000|100%| S|CS|TAMS 0x0000000622800000| PB 0x0000000622800000| Complete |  0
| 121|0x0000000622c00000, 0x0000000622c00000, 0x0000000623000000|  0%| F|  |TAMS 0x0000000622c00000| PB 0x0000000622c00000| Untracked |  0
| 122|0x0000000623000000, 0x0000000623000000, 0x0000000623400000|  0%| F|  |TAMS 0x0000000623000000| PB 0x0000000623000000| Untracked |  0
| 123|0x0000000623400000, 0x0000000623400000, 0x0000000623800000|  0%| F|  |TAMS 0x0000000623400000| PB 0x0000000623400000| Untracked |  0
| 124|0x0000000623800000, 0x0000000623836a80, 0x0000000623c00000|  5%| E|  |TAMS 0x0000000623800000| PB 0x0000000623800000| Complete |  0
| 125|0x0000000623c00000, 0x0000000624000000, 0x0000000624000000|100%| E|CS|TAMS 0x0000000623c00000| PB 0x0000000623c00000| Complete |  0
| 126|0x0000000624000000, 0x0000000624400000, 0x0000000624400000|100%| E|CS|TAMS 0x0000000624000000| PB 0x0000000624000000| Complete |  0

Card table byte_map: [0x000001736fe80000,0x0000017370e60000] _byte_map_base: 0x000001736ce5c000

Marking Bits: (CMBitMap*) 0x0000017357148420
 Bits: [0x0000017370e60000, 0x0000017378d40000)

Polling page: 0x0000017354d90000

Metaspace:

Usage:
  Non-class:      8.58 MB used.
      Class:      1.18 MB used.
       Both:      9.75 MB used.

Virtual space:
  Non-class space:       64.00 MB reserved,       8.69 MB ( 14%) committed,  1 nodes.
      Class space:        1.00 GB reserved,       1.31 MB ( <1%) committed,  1 nodes.
             Both:        1.06 GB reserved,      10.00 MB ( <1%) committed. 

Chunk freelists:
   Non-Class:  6.73 MB
       Class:  14.53 MB
        Both:  21.26 MB

MaxMetaspaceSize: unlimited
CompressedClassSpaceSize: 1.00 GB
Initial GC threshold: 21.00 MB
Current GC threshold: 21.00 MB
CDS: on
 - commit_granule_bytes: 65536.
 - commit_granule_words: 8192.
 - virtual_space_node_default_size: 8388608.
 - enlarge_chunks_in_place: 1.
 - use_allocation_guard: 0.


Internal statistics:

num_allocs_failed_limit: 0.
num_arena_births: 110.
num_arena_deaths: 0.
num_vsnodes_births: 2.
num_vsnodes_deaths: 0.
num_space_committed: 160.
num_space_uncommitted: 0.
num_chunks_returned_to_freelist: 0.
num_chunks_taken_from_freelist: 323.
num_chunk_merges: 0.
num_chunk_splits: 201.
num_chunks_enlarged: 144.
num_inconsistent_stats: 0.

CodeHeap 'non-profiled nmethods': size=119168Kb used=525Kb max_used=525Kb free=118642Kb
 bounds [0x0000017366f90000, 0x0000017367200000, 0x000001736e3f0000]
CodeHeap 'profiled nmethods': size=119104Kb used=3444Kb max_used=3444Kb free=115659Kb
 bounds [0x000001735f3f0000, 0x000001735f750000, 0x0000017366840000]
CodeHeap 'non-nmethods': size=7488Kb used=3153Kb max_used=3180Kb free=4334Kb
 bounds [0x0000017366840000, 0x0000017366b60000, 0x0000017366f90000]
 total_blobs=2310 nmethods=1763 adapters=448
 compilation: enabled
              stopped_count=0, restarted_count=0
 full_count=0

Compilation events (20 events):
Event: 6.288 Thread 0x00000173455190b0 1742       3       java.util.ArrayDeque::removeFirst (19 bytes)
Event: 6.288 Thread 0x000001734515c630 1741       4       org.openqa.selenium.json.Input::peek (9 bytes)
Event: 6.289 Thread 0x00000173455190b0 nmethod 1742 0x000001735f73e690 code [0x000001735f73e860, 0x000001735f73eac0]
Event: 6.289 Thread 0x0000017345171c80 nmethod 1740 0x000001735f73ec10 code [0x000001735f73eea0, 0x000001735f73fb88]
Event: 6.289 Thread 0x000001734515c630 nmethod 1741 0x0000017367010b90 code [0x0000017367010d20, 0x0000017367010dd8]
Event: 6.289 Thread 0x000001734515c630 1743       4       jdk.internal.org.objectweb.asm.SymbolTable::addConstantUtf8 (98 bytes)
Event: 6.290 Thread 0x0000017345171c80 1745       3       java.lang.invoke.TypeConvertingMethodAdapter::<init> (8 bytes)
Event: 6.290 Thread 0x00000173455190b0 1746       3       jdk.internal.org.objectweb.asm.MethodVisitor::visitCode (15 bytes)
Event: 6.291 Thread 0x00000173452eb050 1747       3       jdk.internal.org.objectweb.asm.MethodVisitor::visitMaxs (17 bytes)
Event: 6.291 Thread 0x0000017345270e10 1748       3       jdk.internal.org.objectweb.asm.MethodVisitor::visitEnd (15 bytes)
Event: 6.291 Thread 0x0000017345171c80 nmethod 1745 0x000001735f73ff90 code [0x000001735f740140, 0x000001735f740288]
Event: 6.291 Thread 0x00000173455190b0 nmethod 1746 0x000001735f740310 code [0x000001735f7404c0, 0x000001735f7406d0]
Event: 6.291 Thread 0x0000017345270e10 nmethod 1748 0x000001735f740790 code [0x000001735f740940, 0x000001735f740b50]
Event: 6.291 Thread 0x0000017345171c80 1749       3       jdk.internal.misc.CDS::isDumpingArchive (4 bytes)
Event: 6.291 Thread 0x00000173452eb050 nmethod 1747 0x000001735f740c10 code [0x000001735f740dc0, 0x000001735f740fd0]
Event: 6.291 Thread 0x00000173455190b0 1754       3       java.lang.invoke.InnerClassLambdaMetafactory$ForwardingMethodGenerator::convertArgumentTypes (96 bytes)
Event: 6.292 Thread 0x0000017345270e10 1750   !   3       java.lang.invoke.InnerClassLambdaMetafactory::generateInnerClass (506 bytes)
Event: 6.292 Thread 0x00000173452eb050 1751       3       java.lang.invoke.InnerClassLambdaMetafactory::generateConstructor (154 bytes)
Event: 6.292 Thread 0x0000017345171c80 nmethod 1749 0x000001735f741090 code [0x000001735f741220, 0x000001735f741310]
Event: 6.292 Thread 0x0000017345171c80 1753       3       java.lang.invoke.InnerClassLambdaMetafactory$ForwardingMethodGenerator::generate (272 bytes)

GC Heap History (2 events):
Event: 0.682 GC heap before
{Heap before GC invocations=0 (full 0):
 garbage-first heap   total reserved 8314880K, committed 520192K, used 24576K [0x0000000604800000, 0x0000000800000000)
  region size 4096K, 6 young (24576K), 0 survivors (0K)
 Metaspace       used 7808K, committed 8000K, reserved 1114112K
  class space    used 921K, committed 1024K, reserved 1048576K
}
Event: 0.687 GC heap after
{Heap after GC invocations=1 (full 0):
 garbage-first heap   total reserved 8314880K, committed 520192K, used 4537K [0x0000000604800000, 0x0000000800000000)
  region size 4096K, 1 young (4096K), 1 survivors (4096K)
 Metaspace       used 7808K, committed 8000K, reserved 1114112K
  class space    used 921K, committed 1024K, reserved 1048576K
}

Dll operation events (9 events):
Event: 0.007 Loaded shared library C:\Program Files\Java\jdk-22\bin\java.dll
Event: 0.037 Loaded shared library C:\Program Files\Java\jdk-22\bin\jsvml.dll
Event: 0.061 Loaded shared library C:\Program Files\Java\jdk-22\bin\net.dll
Event: 0.062 Loaded shared library C:\Program Files\Java\jdk-22\bin\nio.dll
Event: 0.067 Loaded shared library C:\Program Files\Java\jdk-22\bin\zip.dll
Event: 0.112 Loaded shared library C:\Program Files\Java\jdk-22\bin\jimage.dll
Event: 0.223 Loaded shared library C:\Program Files\Java\jdk-22\bin\extnet.dll
Event: 0.382 Loaded shared library C:\Program Files\Java\jdk-22\bin\sunmscapi.dll
Event: 0.514 Loaded shared library C:\Program Files\Java\jdk-22\bin\verify.dll

Deoptimization events (20 events):
Event: 3.740 Thread 0x0000017354e11ba0 DEOPT PACKING pc=0x0000017366fd3f3c sp=0x00000015d85fe660
Event: 3.740 Thread 0x0000017354e11ba0 DEOPT UNPACKING pc=0x00000173668946a2 sp=0x00000015d85fe598 mode 2
Event: 3.746 Thread 0x0000017354e11ba0 Uncommon trap: trap_request=0xffffff45 fr.pc=0x0000017366ffe818 relative=0x0000000000000178
Event: 3.746 Thread 0x0000017354e11ba0 Uncommon trap: reason=unstable_if action=reinterpret pc=0x0000017366ffe818 method=java.util.concurrent.locks.ReentrantLock$NonfairSync.initialTryLock()Z @ 25 c2
Event: 3.746 Thread 0x0000017354e11ba0 DEOPT PACKING pc=0x0000017366ffe818 sp=0x00000015d85fdef0
Event: 3.746 Thread 0x0000017354e11ba0 DEOPT UNPACKING pc=0x00000173668946a2 sp=0x00000015d85fde90 mode 2
Event: 3.746 Thread 0x0000017354e11ba0 Uncommon trap: trap_request=0xffffff45 fr.pc=0x0000017366ffe3f4 relative=0x00000000000000d4
Event: 3.746 Thread 0x0000017354e11ba0 Uncommon trap: reason=unstable_if action=reinterpret pc=0x0000017366ffe3f4 method=java.util.concurrent.locks.ReentrantLock$Sync.tryRelease(I)Z @ 26 c2
Event: 3.746 Thread 0x0000017354e11ba0 DEOPT PACKING pc=0x0000017366ffe3f4 sp=0x00000015d85fdef0
Event: 3.746 Thread 0x0000017354e11ba0 DEOPT UNPACKING pc=0x00000173668946a2 sp=0x00000015d85fde90 mode 2
Event: 3.751 Thread 0x0000017354e11ba0 DEOPT PACKING pc=0x000001735f5dbff7 sp=0x00000015d85fd5a0
Event: 3.751 Thread 0x0000017354e11ba0 DEOPT UNPACKING pc=0x0000017366894e42 sp=0x00000015d85fca10 mode 0
Event: 3.755 Thread 0x0000017354e11ba0 Uncommon trap: trap_request=0xffffff45 fr.pc=0x0000017366fedbe8 relative=0x0000000000000e68
Event: 3.755 Thread 0x0000017354e11ba0 Uncommon trap: reason=unstable_if action=reinterpret pc=0x0000017366fedbe8 method=java.util.concurrent.ConcurrentHashMap.putVal(Ljava/lang/Object;Ljava/lang/Object;Z)Ljava/lang/Object; @ 256 c2
Event: 3.755 Thread 0x0000017354e11ba0 DEOPT PACKING pc=0x0000017366fedbe8 sp=0x00000015d85fe530
Event: 3.755 Thread 0x0000017354e11ba0 DEOPT UNPACKING pc=0x00000173668946a2 sp=0x00000015d85fe498 mode 2
Event: 3.796 Thread 0x0000017354e11ba0 Uncommon trap: trap_request=0xffffff45 fr.pc=0x0000017366fd88c8 relative=0x0000000000000048
Event: 3.796 Thread 0x0000017354e11ba0 Uncommon trap: reason=unstable_if action=reinterpret pc=0x0000017366fd88c8 method=jdk.internal.misc.Unsafe.convEndian(ZI)I @ 4 c2
Event: 3.796 Thread 0x0000017354e11ba0 DEOPT PACKING pc=0x0000017366fd88c8 sp=0x00000015d85febc0
Event: 3.796 Thread 0x0000017354e11ba0 DEOPT UNPACKING pc=0x00000173668946a2 sp=0x00000015d85feb58 mode 2

Classes loaded (20 events):
Event: 3.781 Loading class sun/util/logging/resources/logging_en_US
Event: 3.781 Loading class sun/util/logging/resources/logging_en_US done
Event: 3.781 Loading class sun/util/logging/resources/logging_en_US
Event: 3.781 Loading class sun/util/logging/resources/logging_en_US done
Event: 3.781 Loading class java/util/Formatter$DateTime
Event: 3.781 Loading class java/util/Formatter$DateTime done
Event: 3.782 Loading class java/time/ZonedDateTime$1
Event: 3.782 Loading class java/time/ZonedDateTime$1 done
Event: 3.794 Loading class java/util/UUID$Holder
Event: 3.794 Loading class java/util/UUID$Holder done
Event: 3.795 Loading class jdk/internal/util/ByteArrayLittleEndian
Event: 3.795 Loading class jdk/internal/util/ByteArrayLittleEndian done
Event: 6.290 Loading class java/util/stream/SortedOps
Event: 6.290 Loading class java/util/stream/SortedOps done
Event: 6.290 Loading class java/util/stream/SortedOps$OfRef
Event: 6.290 Loading class java/util/stream/SortedOps$OfRef done
Event: 6.290 Loading class java/util/stream/SortedOps$RefSortingSink
Event: 6.290 Loading class java/util/stream/SortedOps$AbstractRefSortingSink
Event: 6.290 Loading class java/util/stream/SortedOps$AbstractRefSortingSink done
Event: 6.290 Loading class java/util/stream/SortedOps$RefSortingSink done

Classes unloaded (0 events):
No events

Classes redefined (0 events):
No events

Internal exceptions (20 events):
Event: 0.569 Thread 0x0000017354e11ba0 Exception <a 'java/net/ConnectException'{0x0000000623319810}: Connection refused: getsockopt> (0x0000000623319810) 
thrown [s\open\src\hotspot\share\prims\jni.cpp, line 539]
Event: 0.580 Thread 0x0000017354e11ba0 Exception <a 'java/lang/NoSuchMethodError'{0x000000062337a778}: 'int java.lang.invoke.DirectMethodHandle$Holder.invokeStaticInit(java.lang.Object, java.lang.Object)'> (0x000000062337a778) 
thrown [s\open\src\hotspot\share\interpreter\linkResolver.cpp, line 774]
Event: 0.582 Thread 0x0000017354e11ba0 Exception <a 'java/lang/NoSuchMethodError'{0x0000000622c7e450}: 'java.lang.Object java.lang.invoke.DirectMethodHandle$Holder.invokeInterface(java.lang.Object, java.lang.Object, java.lang.Object)'> (0x0000000622c7e450) 
thrown [s\open\src\hotspot\share\interpreter\linkResolver.cpp, line 774]
Event: 0.582 Thread 0x0000017354e11ba0 Exception <a 'java/lang/IncompatibleClassChangeError'{0x0000000622c81858}: Found class java.lang.Object, but interface was expected> (0x0000000622c81858) 
thrown [s\open\src\hotspot\share\interpreter\linkResolver.cpp, line 841]
Event: 0.583 Thread 0x0000017354e11ba0 Exception <a 'java/lang/NoSuchMethodError'{0x0000000622c867b8}: 'int java.lang.invoke.DirectMethodHandle$Holder.invokeSpecial(java.lang.Object, java.lang.Object, java.lang.Object)'> (0x0000000622c867b8) 
thrown [s\open\src\hotspot\share\interpreter\linkResolver.cpp, line 774]
Event: 0.594 Thread 0x0000017354e11ba0 Exception <a 'java/lang/NoSuchMethodError'{0x0000000622cdf520}: 'double java.lang.invoke.DirectMethodHandle$Holder.invokeVirtual(java.lang.Object, java.lang.Object)'> (0x0000000622cdf520) 
thrown [s\open\src\hotspot\share\interpreter\linkResolver.cpp, line 774]
Event: 0.594 Thread 0x0000017354e11ba0 Exception <a 'java/lang/NoSuchMethodError'{0x0000000622ce54b8}: 'float java.lang.invoke.DirectMethodHandle$Holder.invokeVirtual(java.lang.Object, java.lang.Object)'> (0x0000000622ce54b8) 
thrown [s\open\src\hotspot\share\interpreter\linkResolver.cpp, line 774]
Event: 0.595 Thread 0x0000017354e11ba0 Exception <a 'java/lang/NoSuchMethodError'{0x0000000622ced9b0}: 'long java.lang.invoke.DirectMethodHandle$Holder.invokeVirtual(java.lang.Object, java.lang.Object)'> (0x0000000622ced9b0) 
thrown [s\open\src\hotspot\share\interpreter\linkResolver.cpp, line 774]
Event: 0.599 Thread 0x0000017354e11ba0 Exception <a 'java/lang/NoSuchMethodError'{0x0000000622d11f90}: 'java.lang.Object java.lang.invoke.DirectMethodHandle$Holder.invokeVirtual(java.lang.Object, java.lang.Object, java.lang.Object)'> (0x0000000622d11f90) 
thrown [s\open\src\hotspot\share\interpreter\linkResolver.cpp, line 774]
Event: 0.628 Thread 0x0000017354e11ba0 Exception <a 'java/lang/NoSuchMethodError'{0x0000000622e09648}: 'void java.lang.invoke.DirectMethodHandle$Holder.invokeSpecial(java.lang.Object, java.lang.Object, java.lang.Object, java.lang.Object, java.lang.Object)'> (0x0000000622e09648) 
thrown [s\open\src\hotspot\share\interpreter\linkResolver.cpp, line 774]
Event: 0.653 Thread 0x0000017354e11ba0 Exception <a 'java/lang/NoSuchMethodError'{0x0000000622ea79a0}: 'java.lang.Object java.lang.invoke.DirectMethodHandle$Holder.newInvokeSpecial(java.lang.Object, java.lang.Object, java.lang.Object, java.lang.Object, java.lang.Object)'> (0x0000000622ea79a0) 
thrown [s\open\src\hotspot\share\interpreter\linkResolver.cpp, line 774]
Event: 0.676 Thread 0x0000017354e11ba0 Exception <a 'java/lang/NoSuchMethodError'{0x0000000622fd3958}: 'java.lang.Object java.lang.invoke.Invokers$Holder.invokeExact_MT(java.lang.Object, java.lang.Object, java.lang.Object, java.lang.Object, java.lang.Object, java.lang.Object)'> (0x0000000622fd3958) 
thrown [s\open\src\hotspot\share\interpreter\linkResolver.cpp, line 774]
Event: 0.687 Thread 0x0000017354e11ba0 Exception <a 'java/lang/NoSuchMethodError'{0x000000062407b2f0}: 'void java.lang.invoke.DirectMethodHandle$Holder.invokeInterface(java.lang.Object, java.lang.Object, java.lang.Object)'> (0x000000062407b2f0) 
thrown [s\open\src\hotspot\share\interpreter\linkResolver.cpp, line 774]
Event: 0.688 Thread 0x000001734550d420 Exception <a 'java/lang/NoSuchMethodError'{0x0000000624000808}: 'void java.lang.invoke.DirectMethodHandle$Holder.invokeInterface(java.lang.Object, java.lang.Object, java.lang.Object)'> (0x0000000624000808) 
thrown [s\open\src\hotspot\share\interpreter\linkResolver.cpp, line 774]
Event: 0.758 Thread 0x0000017354e11ba0 Exception <a 'java/lang/NoSuchMethodError'{0x0000000623c95838}: 'void java.lang.invoke.DirectMethodHandle$Holder.invokeStatic(java.lang.Object, java.lang.Object, java.lang.Object, java.lang.Object)'> (0x0000000623c95838) 
thrown [s\open\src\hotspot\share\interpreter\linkResolver.cpp, line 774]
Event: 3.735 Thread 0x0000017354e11ba0 Exception <a 'java/lang/NoSuchMethodError'{0x0000000623def640}: 'java.lang.Object java.lang.invoke.DirectMethodHandle$Holder.invokeSpecialIFC(java.lang.Object, java.lang.Object, java.lang.Object)'> (0x0000000623def640) 
thrown [s\open\src\hotspot\share\interpreter\linkResolver.cpp, line 774]
Event: 3.756 Thread 0x0000017354e11ba0 Exception <a 'java/lang/NoSuchMethodError'{0x0000000623e5da80}: 'java.lang.Object java.lang.invoke.DirectMethodHandle$Holder.invokeStatic(java.lang.Object, int, java.lang.Object)'> (0x0000000623e5da80) 
thrown [s\open\src\hotspot\share\interpreter\linkResolver.cpp, line 774]
Event: 3.767 Thread 0x0000017354e11ba0 Exception <a 'java/lang/NoSuchMethodError'{0x0000000623e75b90}: 'void java.lang.invoke.DirectMethodHandle$Holder.invokeSpecial(java.lang.Object, java.lang.Object, java.lang.Object)'> (0x0000000623e75b90) 
thrown [s\open\src\hotspot\share\interpreter\linkResolver.cpp, line 774]
Event: 3.780 Thread 0x0000017354e11ba0 Exception <a 'java/lang/ClassNotFoundException'{0x0000000623eb4f40}: sun/util/logging/resources/spi/loggingProvider> (0x0000000623eb4f40) 
thrown [s\open\src\hotspot\share\classfile\systemDictionary.cpp, line 313]
Event: 6.289 Thread 0x0000017354e11ba0 Exception <a 'java/lang/NoSuchMethodError'{0x0000000623f7aee0}: 'int java.lang.invoke.DirectMethodHandle$Holder.invokeStatic(java.lang.Object, java.lang.Object, java.lang.Object, java.lang.Object)'> (0x0000000623f7aee0) 
thrown [s\open\src\hotspot\share\interpreter\linkResolver.cpp, line 774]

ZGC Phase Switch (0 events):
No events

VM Operations (20 events):
Event: 0.575 Executing VM operation: HandshakeAllThreads (Deoptimize)
Event: 0.575 Executing VM operation: HandshakeAllThreads (Deoptimize) done
Event: 0.681 Executing VM operation: G1CollectForAllocation (G1 Evacuation Pause)
Event: 0.687 Executing VM operation: G1CollectForAllocation (G1 Evacuation Pause) done
Event: 0.709 Executing VM operation: HandshakeAllThreads (Deoptimize)
Event: 0.709 Executing VM operation: HandshakeAllThreads (Deoptimize) done
Event: 0.791 Executing VM operation: HandshakeAllThreads (Deoptimize)
Event: 0.791 Executing VM operation: HandshakeAllThreads (Deoptimize) done
Event: 0.791 Executing VM operation: HandshakeAllThreads (Deoptimize)
Event: 0.791 Executing VM operation: HandshakeAllThreads (Deoptimize) done
Event: 1.794 Executing VM operation: Cleanup
Event: 1.794 Executing VM operation: Cleanup done
Event: 3.749 Executing VM operation: HandshakeAllThreads (Deoptimize)
Event: 3.749 Executing VM operation: HandshakeAllThreads (Deoptimize) done
Event: 3.749 Executing VM operation: Cleanup
Event: 3.749 Executing VM operation: Cleanup done
Event: 4.754 Executing VM operation: Cleanup
Event: 4.754 Executing VM operation: Cleanup done
Event: 5.758 Executing VM operation: Cleanup
Event: 5.758 Executing VM operation: Cleanup done

Events (20 events):
Event: 0.050 Thread 0x0000017345270e10 Thread added: 0x0000017345270e10
Event: 0.052 Thread 0x00000173452eb050 Thread added: 0x00000173452eb050
Event: 0.053 Thread 0x00000173452fd580 Thread added: 0x00000173452fd580
Event: 0.057 Thread 0x0000017345300810 Thread added: 0x0000017345300810
Event: 0.209 Thread 0x00000173455190b0 Thread added: 0x00000173455190b0
Event: 0.356 Thread 0x0000017345588bf0 Thread added: 0x0000017345588bf0
Event: 0.520 Thread 0x0000017345747000 Thread added: 0x0000017345747000
Event: 0.533 Thread 0x0000017345944b90 Thread added: 0x0000017345944b90
Event: 0.533 Thread 0x0000017345945200 Thread added: 0x0000017345945200
Event: 0.681 Thread 0x000001734550d420 Thread added: 0x000001734550d420
Event: 0.757 Thread 0x000001734607eff0 Thread added: 0x000001734607eff0
Event: 0.792 Thread 0x00000173463ce8d0 Thread added: 0x00000173463ce8d0
Event: 0.795 Thread 0x0000017346111630 Thread added: 0x0000017346111630
Event: 3.725 Thread 0x000001734607eff0 Thread exited: 0x000001734607eff0
Event: 3.725 Thread 0x0000017345588bf0 Thread exited: 0x0000017345588bf0
Event: 3.753 Thread 0x000001734627af10 Thread added: 0x000001734627af10
Event: 3.753 Thread 0x000001734627b5d0 Thread added: 0x000001734627b5d0
Event: 3.864 Thread 0x000001734550d420 Thread exited: 0x000001734550d420
Event: 6.270 Thread 0x000001734627b5d0 Thread exited: 0x000001734627b5d0
Event: 6.270 Thread 0x000001734627af10 Thread exited: 0x000001734627af10


Dynamic libraries:
0x00007ff6e3990000 - 0x00007ff6e39a0000 	C:\Program Files\Java\jdk-22\bin\javaw.exe
0x00007ff84e050000 - 0x00007ff84e248000 	C:\Windows\SYSTEM32\ntdll.dll
0x00007ff84d360000 - 0x00007ff84d422000 	C:\Windows\System32\KERNEL32.DLL
0x00007ff84ba80000 - 0x00007ff84bd7e000 	C:\Windows\System32\KERNELBASE.dll
0x00007ff84bf70000 - 0x00007ff84c070000 	C:\Windows\System32\ucrtbase.dll
0x00007ff8388f0000 - 0x00007ff83890b000 	C:\Program Files\Java\jdk-22\bin\VCRUNTIME140.dll
0x00007ff8388d0000 - 0x00007ff8388e7000 	C:\Program Files\Java\jdk-22\bin\jli.dll
0x00007ff84d2a0000 - 0x00007ff84d352000 	C:\Windows\System32\ADVAPI32.dll
0x00007ff84d7f0000 - 0x00007ff84d88e000 	C:\Windows\System32\msvcrt.dll
0x00007ff84df70000 - 0x00007ff84e010000 	C:\Windows\System32\sechost.dll
0x00007ff84ddd0000 - 0x00007ff84def3000 	C:\Windows\System32\RPCRT4.dll
0x00007ff84bf40000 - 0x00007ff84bf67000 	C:\Windows\System32\bcrypt.dll
0x00007ff84d020000 - 0x00007ff84d1bd000 	C:\Windows\System32\USER32.dll
0x00007ff84bd80000 - 0x00007ff84bda2000 	C:\Windows\System32\win32u.dll
0x00007ff84cfe0000 - 0x00007ff84d00b000 	C:\Windows\System32\GDI32.dll
0x00007ff84b790000 - 0x00007ff84b8a7000 	C:\Windows\System32\gdi32full.dll
0x00007ff826e90000 - 0x00007ff82712a000 	C:\Windows\WinSxS\amd64_microsoft.windows.common-controls_6595b64144ccf1df_6.0.19041.4355_none_60b8b9eb71f62e16\COMCTL32.dll
0x00007ff84b6f0000 - 0x00007ff84b78d000 	C:\Windows\System32\msvcp_win.dll
0x00007ff83d480000 - 0x00007ff83d48a000 	C:\Windows\SYSTEM32\VERSION.dll
0x00007ff84d430000 - 0x00007ff84d45f000 	C:\Windows\System32\IMM32.DLL
0x00007ff844330000 - 0x00007ff84433c000 	C:\Program Files\Java\jdk-22\bin\vcruntime140_1.dll
0x00007ff837db0000 - 0x00007ff837e3e000 	C:\Program Files\Java\jdk-22\bin\msvcp140.dll
0x00007fffa05e0000 - 0x00007fffa1327000 	C:\Program Files\Java\jdk-22\bin\server\jvm.dll
0x00007ff84df00000 - 0x00007ff84df6b000 	C:\Windows\System32\WS2_32.dll
0x00007ff84ac40000 - 0x00007ff84ac8b000 	C:\Windows\SYSTEM32\POWRPROF.dll
0x00007ff834360000 - 0x00007ff834387000 	C:\Windows\SYSTEM32\WINMM.dll
0x00007ff84aab0000 - 0x00007ff84aac2000 	C:\Windows\SYSTEM32\UMPDC.dll
0x00007ff849c00000 - 0x00007ff849c12000 	C:\Windows\SYSTEM32\kernel.appcore.dll
0x00007ff844300000 - 0x00007ff84430a000 	C:\Program Files\Java\jdk-22\bin\jimage.dll
0x00007ff849210000 - 0x00007ff8493f4000 	C:\Windows\SYSTEM32\DBGHELP.DLL
0x00007ff83cab0000 - 0x00007ff83cae4000 	C:\Windows\SYSTEM32\dbgcore.DLL
0x00007ff84be60000 - 0x00007ff84bee2000 	C:\Windows\System32\bcryptPrimitives.dll
0x00007ff838820000 - 0x00007ff83883e000 	C:\Program Files\Java\jdk-22\bin\java.dll
0x00007ff84c220000 - 0x00007ff84c98f000 	C:\Windows\System32\SHELL32.dll
0x00007ff84c990000 - 0x00007ff84cabb000 	C:\Windows\System32\ole32.dll
0x00007ff84d8c0000 - 0x00007ff84dc13000 	C:\Windows\System32\combase.dll
0x00007ff849420000 - 0x00007ff849bc4000 	C:\Windows\SYSTEM32\windows.storage.dll
0x00007ff84b030000 - 0x00007ff84b05e000 	C:\Windows\SYSTEM32\Wldp.dll
0x00007ff84c0f0000 - 0x00007ff84c1bd000 	C:\Windows\System32\OLEAUT32.dll
0x00007ff84d670000 - 0x00007ff84d71d000 	C:\Windows\System32\SHCORE.dll
0x00007ff84d790000 - 0x00007ff84d7e5000 	C:\Windows\System32\shlwapi.dll
0x00007ff84b620000 - 0x00007ff84b644000 	C:\Windows\SYSTEM32\profapi.dll
0x00007fffa3860000 - 0x00007fffa3937000 	C:\Program Files\Java\jdk-22\bin\jsvml.dll
0x00007ff838810000 - 0x00007ff838820000 	C:\Program Files\Java\jdk-22\bin\net.dll
0x00007ff84ae20000 - 0x00007ff84ae8a000 	C:\Windows\system32\mswsock.dll
0x00007ff8387f0000 - 0x00007ff838806000 	C:\Program Files\Java\jdk-22\bin\nio.dll
0x00007ff837f40000 - 0x00007ff837f57000 	C:\Program Files\Java\jdk-22\bin\zip.dll
0x00007ff8384b0000 - 0x00007ff8384b9000 	C:\Program Files\Java\jdk-22\bin\extnet.dll
0x00007ff84ab10000 - 0x00007ff84abda000 	C:\Windows\SYSTEM32\DNSAPI.dll
0x00007ff84aad0000 - 0x00007ff84ab0b000 	C:\Windows\SYSTEM32\IPHLPAPI.DLL
0x00007ff84d8b0000 - 0x00007ff84d8b8000 	C:\Windows\System32\NSI.dll
0x00007ff8432d0000 - 0x00007ff8432da000 	C:\Windows\System32\rasadhlp.dll
0x00007ff8409b0000 - 0x00007ff840a30000 	C:\Windows\System32\fwpuclnt.dll
0x00007ff838840000 - 0x00007ff83884e000 	C:\Program Files\Java\jdk-22\bin\sunmscapi.dll
0x00007ff84b8b0000 - 0x00007ff84ba0c000 	C:\Windows\System32\CRYPT32.dll
0x00007ff84b190000 - 0x00007ff84b1b7000 	C:\Windows\SYSTEM32\ncrypt.dll
0x00007ff84b150000 - 0x00007ff84b18b000 	C:\Windows\SYSTEM32\NTASN1.dll
0x00007ff84b080000 - 0x00007ff84b098000 	C:\Windows\SYSTEM32\CRYPTSP.dll
0x00007ff84a5e0000 - 0x00007ff84a614000 	C:\Windows\system32\rsaenh.dll
0x00007ff84b5a0000 - 0x00007ff84b5ce000 	C:\Windows\SYSTEM32\USERENV.dll
0x00007ff84b060000 - 0x00007ff84b06c000 	C:\Windows\SYSTEM32\CRYPTBASE.dll
0x00007ff838780000 - 0x00007ff838790000 	C:\Program Files\Java\jdk-22\bin\verify.dll
0x00007ff80da90000 - 0x00007ff80daa7000 	C:\Windows\system32\napinsp.dll
0x00007ff805720000 - 0x00007ff80573b000 	C:\Windows\system32\pnrpnsp.dll
0x00007ff844af0000 - 0x00007ff844b05000 	C:\Windows\system32\wshbth.dll
0x00007fffea320000 - 0x00007fffea332000 	C:\Windows\System32\winrnr.dll

dbghelp: loaded successfully - version: 4.0.5 - missing functions: none
symbol engine: initialized successfully - sym options: 0x614 - pdb path: .;C:\Program Files\Java\jdk-22\bin;C:\Windows\SYSTEM32;C:\Windows\WinSxS\amd64_microsoft.windows.common-controls_6595b64144ccf1df_6.0.19041.4355_none_60b8b9eb71f62e16;C:\Program Files\Java\jdk-22\bin\server

VM Arguments:
jvm_args: -Dfile.encoding=UTF-8 -Dstdout.encoding=UTF-8 -Dstderr.encoding=UTF-8 -XX:+ShowCodeDetailsInExceptionMessages 
java_command: Locators.elementLocators
java_class_path (initial): C:\Users\vijayalakshmii\restAssuredTraining-workspace\Atmiya_Proje\bin;C:\AutomationPractice\Selenium_jar_files\selenium-java-3.141.59\client-combined-3.141.59.jar;C:\AutomationPractice\Selenium_jar_files\selenium-java-3.141.59\client-combined-3.141.59-sources.jar;C:\AutomationPractice\Selenium_jar_files\selenium-java-3.141.59\libs\byte-buddy-1.8.15.jar;C:\AutomationPractice\Selenium_jar_files\selenium-java-3.141.59\libs\commons-exec-1.3.jar;C:\AutomationPractice\Selenium_jar_files\selenium-java-3.141.59\libs\guava-25.0-jre.jar;C:\AutomationPractice\Selenium_jar_files\selenium-java-3.141.59\libs\okhttp-3.11.0.jar;C:\AutomationPractice\Selenium_jar_files\selenium-java-3.141.59\libs\okio-1.14.0.jar
Launcher Type: SUN_STANDARD

[Global flags]
     intx CICompilerCount                          = 12                                        {product} {ergonomic}
     uint ConcGCThreads                            = 4                                         {product} {ergonomic}
     uint G1ConcRefinementThreads                  = 15                                        {product} {ergonomic}
   size_t G1HeapRegionSize                         = 4194304                                   {product} {ergonomic}
   size_t InitialHeapSize                          = 532676608                                 {product} {ergonomic}
   size_t MarkStackSize                            = 4194304                                   {product} {ergonomic}
   size_t MaxHeapSize                              = 8514437120                                {product} {ergonomic}
   size_t MaxNewSize                               = 5108662272                                {product} {ergonomic}
   size_t MinHeapDeltaBytes                        = 4194304                                   {product} {ergonomic}
   size_t MinHeapSize                              = 8388608                                   {product} {ergonomic}
    uintx NonNMethodCodeHeapSize                   = 7602480                                {pd product} {ergonomic}
    uintx NonProfiledCodeHeapSize                  = 122027880                              {pd product} {ergonomic}
    uintx ProfiledCodeHeapSize                     = 122027880                              {pd product} {ergonomic}
    uintx ReservedCodeCacheSize                    = 251658240                              {pd product} {ergonomic}
     bool SegmentedCodeCache                       = true                                      {product} {ergonomic}
     bool ShowCodeDetailsInExceptionMessages       = true                                   {manageable} {command line}
   size_t SoftMaxHeapSize                          = 8514437120                             {manageable} {ergonomic}
     bool UseCompressedOops                        = true                           {product lp64_product} {ergonomic}
     bool UseG1GC                                  = true                                      {product} {ergonomic}
     bool UseLargePagesIndividualAllocation        = false                                  {pd product} {ergonomic}

Logging:
Log output configuration:
 #0: stdout all=warning uptime,level,tags foldmultilines=false
 #1: stderr all=off uptime,level,tags foldmultilines=false

Environment Variables:
JAVA_HOME=C:\Program Files\Java\jdk-22
PATH=C:\Program Files\Common Files\Oracle\Java\javapath;C:\Windows\system32;C:\Windows;C:\Windows\System32\Wbem;C:\Windows\System32\WindowsPowerShell\v1.0\;C:\Windows\System32\OpenSSH\;C:\ProgramData\chocolatey\bin;C:\Program Files\OpenSSL\bin;C:\Program Files\nodejs\;C:\Program Files\nodejs\node_modules;C:\Program Files\Java\jdk-22\bin;C:\Program Files\Java\jdk-22\bin;C:\Users\vijayalakshmii\AppData\Local\Microsoft\WindowsApps;C:\Users\vijayalakshmii\AppData\Roaming\npm
USERNAME=vijayalakshmii
OS=Windows_NT
PROCESSOR_IDENTIFIER=Intel64 Family 6 Model 154 Stepping 3, GenuineIntel
TMP=C:\Users\VIJAYA~1\AppData\Local\Temp
TEMP=C:\Users\VIJAYA~1\AppData\Local\Temp




Periodic native trim disabled

---------------  S Y S T E M  ---------------

OS:
 Windows 10 , 64 bit Build 19041 (10.0.19041.4957)
OS uptime: 0 days 14:39 hours
Hyper-V role detected

CPU: total 20 (initial active 20) (10 cores per cpu, 2 threads per core) family 6 model 154 stepping 3 microcode 0x413, cx8, cmov, fxsr, ht, mmx, 3dnowpref, sse, sse2, sse3, ssse3, sse4.1, sse4.2, popcnt, lzcnt, tsc, tscinvbit, avx, avx2, aes, erms, clmul, bmi1, bmi2, adx, sha, fma, vzeroupper, clflush, clflushopt, clwb, hv, rdtscp, rdpid, fsrm, f16c, cet_ibt, cet_ss
Processor Information for processor 0
  Max Mhz: 2700, Current Mhz: 2700, Mhz Limit: 1971
Processor Information for processor 1
  Max Mhz: 2700, Current Mhz: 2700, Mhz Limit: 2700
Processor Information for processor 2
  Max Mhz: 2700, Current Mhz: 2700, Mhz Limit: 2700
Processor Information for processor 3
  Max Mhz: 2700, Current Mhz: 2700, Mhz Limit: 2700
Processor Information for processor 4
  Max Mhz: 2700, Current Mhz: 2700, Mhz Limit: 2700
Processor Information for processor 5
  Max Mhz: 2700, Current Mhz: 2700, Mhz Limit: 2700
Processor Information for processor 6
  Max Mhz: 2700, Current Mhz: 2700, Mhz Limit: 2700
Processor Information for processor 7
  Max Mhz: 2700, Current Mhz: 2700, Mhz Limit: 2700
Processor Information for processor 8
  Max Mhz: 2700, Current Mhz: 2700, Mhz Limit: 2700
Processor Information for processor 9
  Max Mhz: 2700, Current Mhz: 2700, Mhz Limit: 2700
Processor Information for processor 10
  Max Mhz: 2700, Current Mhz: 2700, Mhz Limit: 2700
Processor Information for processor 11
  Max Mhz: 2700, Current Mhz: 2700, Mhz Limit: 2700
Processor Information for processor 12
  Max Mhz: 2700, Current Mhz: 1995, Mhz Limit: 1971
Processor Information for processor 13
  Max Mhz: 2700, Current Mhz: 1995, Mhz Limit: 1971
Processor Information for processor 14
  Max Mhz: 2700, Current Mhz: 1995, Mhz Limit: 1971
Processor Information for processor 15
  Max Mhz: 2700, Current Mhz: 1995, Mhz Limit: 1971
Processor Information for processor 16
  Max Mhz: 2700, Current Mhz: 1995, Mhz Limit: 1971
Processor Information for processor 17
  Max Mhz: 2700, Current Mhz: 1995, Mhz Limit: 1971
Processor Information for processor 18
  Max Mhz: 2700, Current Mhz: 1995, Mhz Limit: 1971
Processor Information for processor 19
  Max Mhz: 2700, Current Mhz: 1995, Mhz Limit: 1971

Memory: 4k page, system-wide physical 32468M (7310M free)
TotalPageFile size 37422M (AvailPageFile size 5M)
current process WorkingSet (physical memory assigned to process): 89M, peak: 92M
current process commit charge ("private bytes"): 635M, peak: 637M

vm_info: Java HotSpot(TM) 64-Bit Server VM (22.0.1+8-16) for windows-amd64 JRE (22.0.1+8-16), built on 2024-03-12T10:33:16Z by "mach5one" with MS VC++ 17.6 (VS2022)

END.
